<?xml version="1.0" encoding="UTF-8"?>
<coverage generated="1520890750">
  <project timestamp="1520890750">
    <package name="Islandora\Recast\Controller">
      <file name="/home/ubuntu/all_claw/Crayfish/Recast/src/Controller/RecastController.php">
        <class name="Islandora\Recast\Controller\RecastController" namespace="Islandora\Recast\Controller">
          <metrics complexity="20" methods="4" coveredmethods="1" conditionals="0" coveredconditionals="0" statements="67" coveredstatements="35" elements="71" coveredelements="36"/>
        </class>
        <line num="36" type="method" name="__construct" visibility="public" complexity="1" crap="1" count="1"/>
        <line num="40" type="stmt" count="1"/>
        <line num="41" type="stmt" count="1"/>
        <line num="42" type="stmt" count="1"/>
        <line num="50" type="method" name="recastOptions" visibility="public" complexity="1" crap="2" count="0"/>
        <line num="51" type="stmt" count="0"/>
        <line num="52" type="stmt" count="0"/>
        <line num="53" type="stmt" count="0"/>
        <line num="54" type="stmt" count="0"/>
        <line num="67" type="method" name="recast" visibility="public" complexity="16" crap="36.15" count="1"/>
        <line num="68" type="stmt" count="1"/>
        <line num="69" type="stmt" count="0"/>
        <line num="70" type="stmt" count="0"/>
        <line num="71" type="stmt" count="0"/>
        <line num="73" type="stmt" count="1"/>
        <line num="75" type="stmt" count="1"/>
        <line num="76" type="stmt" count="1"/>
        <line num="77" type="stmt" count="1"/>
        <line num="78" type="stmt" count="1"/>
        <line num="79" type="stmt" count="1"/>
        <line num="80" type="stmt" count="0"/>
        <line num="82" type="stmt" count="1"/>
        <line num="83" type="stmt" count="1"/>
        <line num="86" type="stmt" count="1"/>
        <line num="88" type="stmt" count="0"/>
        <line num="89" type="stmt" count="0"/>
        <line num="90" type="stmt" count="0"/>
        <line num="93" type="stmt" count="1"/>
        <line num="94" type="stmt" count="1"/>
        <line num="95" type="stmt" count="0"/>
        <line num="96" type="stmt" count="1"/>
        <line num="98" type="stmt" count="1"/>
        <line num="99" type="stmt" count="1"/>
        <line num="100" type="stmt" count="1"/>
        <line num="101" type="stmt" count="1"/>
        <line num="102" type="stmt" count="0"/>
        <line num="103" type="stmt" count="0"/>
        <line num="105" type="stmt" count="0"/>
        <line num="106" type="stmt" count="0"/>
        <line num="107" type="stmt" count="0"/>
        <line num="108" type="stmt" count="0"/>
        <line num="110" type="stmt" count="0"/>
        <line num="111" type="stmt" count="0"/>
        <line num="112" type="stmt" count="0"/>
        <line num="113" type="stmt" count="0"/>
        <line num="115" type="stmt" count="0"/>
        <line num="116" type="stmt" count="1"/>
        <line num="121" type="stmt" count="1"/>
        <line num="122" type="stmt" count="0"/>
        <line num="124" type="stmt" count="1"/>
        <line num="125" type="stmt" count="1"/>
        <line num="126" type="stmt" count="1"/>
        <line num="127" type="stmt" count="1"/>
        <line num="128" type="stmt" count="1"/>
        <line num="129" type="stmt" count="0"/>
        <line num="132" type="stmt" count="1"/>
        <line num="133" type="stmt" count="1"/>
        <line num="134" type="stmt" count="0"/>
        <line num="138" type="stmt" count="1"/>
        <line num="139" type="stmt" count="1"/>
        <line num="143" type="stmt" count="0"/>
        <line num="144" type="stmt" count="0"/>
        <line num="146" type="stmt" count="1"/>
        <line num="148" type="stmt" count="1"/>
        <line num="149" type="stmt" count="1"/>
        <line num="151" type="stmt" count="1"/>
        <line num="165" type="method" name="findPredicateForObject" visibility="private" complexity="2" crap="6" count="0"/>
        <line num="166" type="stmt" count="0"/>
        <line num="167" type="stmt" count="0"/>
        <line num="168" type="stmt" count="0"/>
        <line num="170" type="stmt" count="0"/>
        <metrics loc="171" ncloc="129" classes="1" methods="4" coveredmethods="1" conditionals="0" coveredconditionals="0" statements="67" coveredstatements="35" elements="71" coveredelements="36"/>
      </file>
    </package>
    <metrics files="1" loc="171" ncloc="129" classes="1" methods="4" coveredmethods="1" conditionals="0" coveredconditionals="0" statements="67" coveredstatements="35" elements="71" coveredelements="36"/>
  </project>
</coverage>
